<?xml version="1.0" encoding="UTF-8"?>
<testng-results ignored="0" total="3" passed="2" failed="1" skipped="0">
  <reporter-output>
  </reporter-output>
  <suite started-at="2023-11-04T09:09:24 IST" name="Surefire suite" finished-at="2023-11-04T09:10:18 IST" duration-ms="54433">
    <groups>
      <group name="cucumber">
        <method signature="AbstractTestNGCucumberTests.runScenario(io.cucumber.testng.PickleWrapper,io.cucumber.testng.FeatureWrapper)[pri:0, instance:RunnerFile.TestRunner@3aefe5e5]" name="runScenario" class="io.cucumber.testng.AbstractTestNGCucumberTests"/>
      </group> <!-- cucumber -->
    </groups>
    <test started-at="2023-11-04T09:09:24 IST" name="Surefire test" finished-at="2023-11-04T09:10:18 IST" duration-ms="54433">
      <class name="RunnerFile.TestRunner">
        <test-method is-config="true" signature="setUpClass(org.testng.ITestContext)[pri:0, instance:RunnerFile.TestRunner@3aefe5e5]" started-at="2023-11-04T09:09:24 IST" name="setUpClass" finished-at="2023-11-04T09:09:25 IST" duration-ms="1010" status="PASS">
          <params>
            <param index="0">
              <value>
                <![CDATA[org.testng.TestRunner@46394f65]]>
              </value>
            </param>
          </params>
          <reporter-output>
          </reporter-output>
        </test-method> <!-- setUpClass -->
        <test-method signature="runScenario(io.cucumber.testng.PickleWrapper,io.cucumber.testng.FeatureWrapper)[pri:0, instance:RunnerFile.TestRunner@3aefe5e5]" started-at="2023-11-04T09:09:25 IST" name="runScenario" description="Runs Cucumber Scenarios" data-provider="scenarios" finished-at="2023-11-04T09:09:44 IST" duration-ms="19603" status="PASS">
          <params>
            <param index="0">
              <value>
                <![CDATA["Verify the Product search functionality"]]>
              </value>
            </param>
            <param index="1">
              <value>
                <![CDATA["Product purchase functionality"]]>
              </value>
            </param>
          </params>
          <reporter-output>
          </reporter-output>
        </test-method> <!-- runScenario -->
        <test-method signature="runScenario(io.cucumber.testng.PickleWrapper,io.cucumber.testng.FeatureWrapper)[pri:0, instance:RunnerFile.TestRunner@3aefe5e5]" started-at="2023-11-04T09:09:44 IST" name="runScenario" description="Runs Cucumber Scenarios" data-provider="scenarios" finished-at="2023-11-04T09:10:01 IST" duration-ms="16460" status="PASS">
          <params>
            <param index="0">
              <value>
                <![CDATA["Verify the Product search functionality"]]>
              </value>
            </param>
            <param index="1">
              <value>
                <![CDATA["Product Search functionality"]]>
              </value>
            </param>
          </params>
          <reporter-output>
          </reporter-output>
        </test-method> <!-- runScenario -->
        <test-method signature="runScenario(io.cucumber.testng.PickleWrapper,io.cucumber.testng.FeatureWrapper)[pri:0, instance:RunnerFile.TestRunner@3aefe5e5]" started-at="2023-11-04T09:10:01 IST" name="runScenario" description="Runs Cucumber Scenarios" data-provider="scenarios" finished-at="2023-11-04T09:10:16 IST" duration-ms="15443" status="FAIL">
          <params>
            <param index="0">
              <value>
                <![CDATA["Verify the Product search functionality"]]>
              </value>
            </param>
            <param index="1">
              <value>
                <![CDATA["Product Search functionality"]]>
              </value>
            </param>
          </params>
          <exception class="java.lang.AssertionError">
            <message>
              <![CDATA[expected [No data] but found [Beetroot]]]>
            </message>
            <full-stacktrace>
              <![CDATA[java.lang.AssertionError: expected [No data] but found [Beetroot]
at org.testng.Assert.fail(Assert.java:111)
at org.testng.Assert.failNotEquals(Assert.java:1578)
at org.testng.Assert.assertEqualsImpl(Assert.java:150)
at org.testng.Assert.assertEquals(Assert.java:132)
at org.testng.Assert.assertEquals(Assert.java:656)
at org.testng.Assert.assertEquals(Assert.java:666)
at StepDefinations.DealPageSearch.i_search_usting_short_name_and_should_be_able_to_mach_both_results(DealPageSearch.java:46)
at âœ½.I search usting short name Beet and should be able to mach both results(file:///C:/Automation/ptc02/src/test/java/FeatureFiles/VerifySearchResults.feature:9)
]]>
            </full-stacktrace>
          </exception> <!-- java.lang.AssertionError -->
          <reporter-output>
          </reporter-output>
        </test-method> <!-- runScenario -->
        <test-method is-config="true" signature="tearDownClass()[pri:0, instance:RunnerFile.TestRunner@3aefe5e5]" started-at="2023-11-04T09:10:16 IST" name="tearDownClass" finished-at="2023-11-04T09:10:18 IST" duration-ms="1848" status="PASS">
          <reporter-output>
          </reporter-output>
        </test-method> <!-- tearDownClass -->
      </class> <!-- RunnerFile.TestRunner -->
    </test> <!-- Surefire test -->
  </suite> <!-- Surefire suite -->
</testng-results>
